<?xml version="1.0" encoding="UTF-8"?>
<testsuite name="org.gristle.adventOfCode.utilities.AStarTest" tests="1" skipped="0" failures="0" errors="0" timestamp="2022-11-03T21:28:18" hostname="GLORIOUSALLRED" time="0.909">
  <properties/>
  <testcase name="aStarWorksMultidimensinally$Play2022()" classname="org.gristle.adventOfCode.utilities.AStarTest" time="0.909"/>
  <system-out><![CDATA[]]></system-out>
  <system-err><![CDATA[]]></system-err>
</testsuite>
