<?xml version="1.0" encoding="UTF-8"?>
<testsuite name="org.gristle.adventOfCode.utilities.IoTest" tests="2" skipped="0" failures="0" errors="0" timestamp="2022-11-03T21:28:19" hostname="GLORIOUSALLRED" time="0.004">
  <properties/>
  <testcase name="testReadInput$Play2022()" classname="org.gristle.adventOfCode.utilities.IoTest" time="0.003"/>
  <testcase name="testReadRawInput$Play2022()" classname="org.gristle.adventOfCode.utilities.IoTest" time="0.001"/>
  <system-out><![CDATA[]]></system-out>
  <system-err><![CDATA[]]></system-err>
</testsuite>
