<?xml version="1.0" encoding="UTF-8"?>
<testsuite name="org.gristle.adventOfCode.utilities.DfsTest" tests="1" skipped="0" failures="0" errors="0" timestamp="2023-04-15T18:48:47" hostname="GLORIOUSALLRED" time="0.089">
  <properties/>
  <testcase name="doesntBreakAocs$Play2022_test()" classname="org.gristle.adventOfCode.utilities.DfsTest" time="0.089"/>
  <system-out><![CDATA[]]></system-out>
  <system-err><![CDATA[]]></system-err>
</testsuite>
