<?xml version="1.0" encoding="UTF-8"?>
<testsuite name="org.gristle.adventOfCode.utilities.PermutationsTest" tests="2" skipped="0" failures="0" errors="0" timestamp="2022-11-03T21:28:19" hostname="GLORIOUSALLRED" time="0.005">
  <properties/>
  <testcase name="findsValidPermutationWithSeed$Play2022()" classname="org.gristle.adventOfCode.utilities.PermutationsTest" time="0.002"/>
  <testcase name="findsValidPermutation$Play2022()" classname="org.gristle.adventOfCode.utilities.PermutationsTest" time="0.003"/>
  <system-out><![CDATA[]]></system-out>
  <system-err><![CDATA[]]></system-err>
</testsuite>
