<?xml version="1.0" encoding="UTF-8"?>
<testsuite name="org.gristle.adventOfCode.utilities.ParsingTest" tests="3" skipped="0" failures="0" errors="0" timestamp="2022-12-12T06:41:54" hostname="GLORIOUSALLRED" time="0.008">
  <properties/>
  <testcase name="testGroupValues$Play2022()" classname="org.gristle.adventOfCode.utilities.ParsingTest" time="0.003"/>
  <testcase name="testLines$Play2022()" classname="org.gristle.adventOfCode.utilities.ParsingTest" time="0.002"/>
  <testcase name="testGroupValuesWithMap$Play2022()" classname="org.gristle.adventOfCode.utilities.ParsingTest" time="0.001"/>
  <system-out><![CDATA[]]></system-out>
  <system-err><![CDATA[]]></system-err>
</testsuite>
