<?xml version="1.0" encoding="UTF-8"?>
<testsuite name="org.gristle.adventOfCode.utilities.GridTest" tests="1" skipped="0" failures="0" errors="0" timestamp="2022-12-07T20:07:10" hostname="GLORIOUSALLRED" time="0.0">
  <properties/>
  <testcase name="getNeighborsTest$Play2022()" classname="org.gristle.adventOfCode.utilities.GridTest" time="0.0"/>
  <system-out><![CDATA[]]></system-out>
  <system-err><![CDATA[]]></system-err>
</testsuite>
