<?xml version="1.0" encoding="UTF-8"?>
<testsuite name="org.gristle.adventOfCode.utilities.ParsingTest" tests="3" skipped="0" failures="0" errors="0" timestamp="2022-12-07T18:13:37" hostname="GLORIOUSALLRED" time="0.007">
  <properties/>
  <testcase name="testGroupValues$Play2022()" classname="org.gristle.adventOfCode.utilities.ParsingTest" time="0.002"/>
  <testcase name="testLines$Play2022()" classname="org.gristle.adventOfCode.utilities.ParsingTest" time="0.003"/>
  <testcase name="testGroupValuesWithMap$Play2022()" classname="org.gristle.adventOfCode.utilities.ParsingTest" time="0.0"/>
  <system-out><![CDATA[]]></system-out>
  <system-err><![CDATA[]]></system-err>
</testsuite>
