<?xml version="1.0" encoding="UTF-8"?>
<testsuite name="org.gristle.adventOfCode.utilities.ShortcutsTest" tests="1" skipped="0" failures="0" errors="0" timestamp="2022-11-03T21:28:19" hostname="GLORIOUSALLRED" time="0.001">
  <properties/>
  <testcase name="fmodTest$Play2022()" classname="org.gristle.adventOfCode.utilities.ShortcutsTest" time="0.001"/>
  <system-out><![CDATA[]]></system-out>
  <system-err><![CDATA[]]></system-err>
</testsuite>
