<?xml version="1.0" encoding="UTF-8"?>
<testsuite name="org.gristle.adventOfCode.utilities.ParsingTest" tests="3" skipped="0" failures="0" errors="0" timestamp="2023-04-15T18:48:47" hostname="GLORIOUSALLRED" time="0.008">
  <properties/>
  <testcase name="testLines$Play2022_test()" classname="org.gristle.adventOfCode.utilities.ParsingTest" time="0.002"/>
  <testcase name="testGroupValues$Play2022_test()" classname="org.gristle.adventOfCode.utilities.ParsingTest" time="0.005"/>
  <testcase name="testGroupValuesWithMap$Play2022_test()" classname="org.gristle.adventOfCode.utilities.ParsingTest" time="0.0"/>
  <system-out><![CDATA[]]></system-out>
  <system-err><![CDATA[]]></system-err>
</testsuite>
