<?xml version="1.0" encoding="UTF-8"?>
<testsuite name="org.gristle.adventOfCode.utilities.PermutationsTest" tests="2" skipped="0" failures="0" errors="0" timestamp="2022-12-07T20:07:10" hostname="GLORIOUSALLRED" time="0.008">
  <properties/>
  <testcase name="findsValidPermutationWithSeed$Play2022()" classname="org.gristle.adventOfCode.utilities.PermutationsTest" time="0.004"/>
  <testcase name="findsValidPermutation$Play2022()" classname="org.gristle.adventOfCode.utilities.PermutationsTest" time="0.004"/>
  <system-out><![CDATA[]]></system-out>
  <system-err><![CDATA[]]></system-err>
</testsuite>
